 Ready to take sql backup....
Ready to take sql backup....
999999999999999999999
sql backup file has been mailed you successfully.....
None
Ready to take sql backup....
999999999999999999999
test.........
Databases file not found...
Starting backup of database securedb
Backup script completed
Your backups has been created in '/home/itrois053/DBresults' directory
sql backup file has been mailed you successfully.....
Content-Type: application/json

{"status": "Email sent successfully."}
Ready to take sql backup....
999999999999999999999
test.........
Databases file not found...
Starting backup of database securedb
Backup script completed
Your backups has been created in '/home/itrois053/DBresults' directory
sql backup file has been mailed you successfully.....
Content-Type: application/json

{"status": "Email sent successfully."}
Ready to take sql backup....
999999999999999999999
test.........
Databases file not found...
Starting backup of database securedb
Backup script completed
Your backups has been created in '/home/itrois053/DBresults' directory
sql backup file has been mailed you successfully.....
Content-Type: application/json

{"status": "Email sent successfully."}
Ready to take sql backup....
999999999999999999999
test.........
Databases file not found...
Starting backup of database securedb
Backup script completed
Your backups has been created in '/home/itrois053/DBresults' directory
sql backup file has been mailed you successfully.....
Content-Type: application/json

{"status": "Email sent successfully."}
Ready to take sql backup....
999999999999999999999
test.........
Databases file not found...
Starting backup of database securedb
Backup script completed
Your backups has been created in '/home/itrois053/DBresults' directory
sql backup file has been mailed you successfully.....
Content-Type: application/json

{"status": "Email sent successfully."}
Ready to take sql backup....
999999999999999999999
test.........
Databases file not found...
Starting backup of database securedb
Backup script completed
Your backups has been created in '/home/itrois053/DBresults' directory
sql backup file has been mailed you successfully.....
Ready to take sql backup....
999999999999999999999
test.........
Databases file not found...
Starting backup of database securedb
Backup script completed
Your backups has been created in '/home/itrois053/DBresults' directory
sql backup file has been mailed you successfully.....
Ready to take sql backup....
999999999999999999999
test.........
Databases file not found...
Starting backup of database securedb
Backup script completed
Your backups has been created in '/home/itrois053/DBresults' directory
sql backup file has been mailed you successfully.....
Ready to take sql backup....
999999999999999999999
test.........
Databases file not found...
Starting backup of database securedb
Backup script completed
Your backups has been created in '/home/itrois053/DBresults' directory
sql backup file has been mailed you successfully.....
Ready to take sql backup....
999999999999999999999
test.........
Databases file not found...
Starting backup of database securedb
Backup script completed
Your backups has been created in '/home/itrois053/DBresults' directory
sql backup file has been mailed you successfully.....
Ready to take sql backup....
999999999999999999999
test.........
Databases file not found...
Starting backup of database securedb
Backup script completed
Your backups has been created in '/home/itrois053/DBresults' directory
sql backup file has been mailed you successfully.....
